build/app/intermediates/manifest_merge_blame_file/debug/manifest-merger-blame-debug-report.txt
1<?xml version="1.0" encoding="utf-8"?>
2<manifest xmlns:android="http://schemas.android.com/apk/res/android"
3    package="com.dvmon.comepass"
4    android:versionCode="1"
5    android:versionName="1.0.0" >
6
7    <uses-sdk
8        android:minSdkVersion="21"
9        android:targetSdkVersion="31" />
10    <!--
11         The INTERNET permission is required for development. Specifically,
12         the Flutter tool needs it to communicate with the running application
13         to allow setting breakpoints, to provide hot reload, etc.
14    -->
15    <uses-permission android:name="android.permission.INTERNET" />
15-->src/debug/AndroidManifest.xml:7:5-66
15-->src/debug/AndroidManifest.xml:7:22-64
16
17    <queries>
17-->[:kakao_flutter_sdk_common] AndroidManifest.xml:9:5-22:15
18        <package android:name="com.kakao.talk" />
18-->[:kakao_flutter_sdk_common] AndroidManifest.xml:10:9-50
18-->[:kakao_flutter_sdk_common] AndroidManifest.xml:10:18-47
19        <package android:name="com.kakao.onetalk" />
19-->[:kakao_flutter_sdk_common] AndroidManifest.xml:11:9-53
19-->[:kakao_flutter_sdk_common] AndroidManifest.xml:11:18-50
20        <package android:name="com.locnall.KimGiSa" />
20-->[:kakao_flutter_sdk_common] AndroidManifest.xml:12:9-55
20-->[:kakao_flutter_sdk_common] AndroidManifest.xml:12:18-52
21        <package android:name="com.lguplus.navi" />
21-->[:kakao_flutter_sdk_common] AndroidManifest.xml:13:9-52
21-->[:kakao_flutter_sdk_common] AndroidManifest.xml:13:18-49
22
23        <intent>
23-->[:kakao_flutter_sdk_common] AndroidManifest.xml:15:9-21:18
24            <action android:name="android.intent.action.VIEW" />
24-->[:kakao_flutter_sdk_common] AndroidManifest.xml:16:13-65
24-->[:kakao_flutter_sdk_common] AndroidManifest.xml:16:21-62
25
26            <category android:name="android.intent.category.BROWSABLE" />
26-->[:kakao_flutter_sdk_common] AndroidManifest.xml:18:13-74
26-->[:kakao_flutter_sdk_common] AndroidManifest.xml:18:23-71
27
28            <data android:scheme="https" />
28-->[:kakao_flutter_sdk_common] AndroidManifest.xml:20:13-44
28-->[:kakao_flutter_sdk_common] AndroidManifest.xml:20:19-41
29        </intent>
30        <!-- 네이버앱 : 로그인, 스킴로그인 -->
31        <package android:name="com.nhn.android.search" /> <!-- 커스텀탭 로그인 -->
31-->[com.navercorp.nid:oauth-jdk8:5.0.1] AndroidManifest.xml:16:9-58
31-->[com.navercorp.nid:oauth-jdk8:5.0.1] AndroidManifest.xml:16:18-55
32        <intent>
32-->[com.navercorp.nid:oauth-jdk8:5.0.1] AndroidManifest.xml:18:9-20:18
33            <action android:name="android.support.customtabs.action.CustomTabsService" />
33-->[com.navercorp.nid:oauth-jdk8:5.0.1] AndroidManifest.xml:19:13-90
33-->[com.navercorp.nid:oauth-jdk8:5.0.1] AndroidManifest.xml:19:21-87
34        </intent>
35
36        <package android:name="com.android.chrome" />
36-->[com.navercorp.nid:oauth-jdk8:5.0.1] AndroidManifest.xml:22:9-54
36-->[com.navercorp.nid:oauth-jdk8:5.0.1] AndroidManifest.xml:22:18-51
37    </queries>
38
39    <uses-permission android:name="android.permission.ACCESS_NETWORK_STATE" />
39-->[:flutter_naver_login] AndroidManifest.xml:10:5-79
39-->[:flutter_naver_login] AndroidManifest.xml:10:22-76
40
41    <application
42        android:name="android.app.Application"
43        android:appComponentFactory="androidx.core.app.CoreComponentFactory"
43-->[androidx.core:core:1.6.0] AndroidManifest.xml:24:18-86
44        android:debuggable="true"
45        android:icon="@mipmap/ic_launcher"
46        android:label="comepass" >
47        <meta-data
48            android:name="com.naver.sdk.clientId"
49            android:value="@string/client_id" />
50        <meta-data
51            android:name="com.naver.sdk.clientSecret"
52            android:value="@string/client_secret" />
53        <meta-data
54            android:name="com.naver.sdk.clientName"
55            android:value="@string/client_name" />
56
57        <activity
58            android:name="com.kakao.sdk.flutter.AuthCodeCustomTabsActivity"
59            android:exported="true"
59-->[:kakao_flutter_sdk_common] AndroidManifest.xml:32:13-36
60            android:launchMode="singleTask"
60-->[:kakao_flutter_sdk_common] AndroidManifest.xml:33:13-44
61            android:theme="@style/TransparentCompat" >
61-->[:kakao_flutter_sdk_common] AndroidManifest.xml:34:13-53
62            <intent-filter android:label="flutter_web_auth" >
63                <action android:name="android.intent.action.VIEW" />
63-->[:kakao_flutter_sdk_common] AndroidManifest.xml:16:13-65
63-->[:kakao_flutter_sdk_common] AndroidManifest.xml:16:21-62
64
65                <category android:name="android.intent.category.DEFAULT" />
65-->[com.navercorp.nid:oauth-jdk8:5.0.1] AndroidManifest.xml:52:17-76
65-->[com.navercorp.nid:oauth-jdk8:5.0.1] AndroidManifest.xml:52:27-73
66                <category android:name="android.intent.category.BROWSABLE" />
66-->[:kakao_flutter_sdk_common] AndroidManifest.xml:18:13-74
66-->[:kakao_flutter_sdk_common] AndroidManifest.xml:18:23-71
67
68                <!-- Redirect URI, "kakao${YOUR_NATIVE_APP_KEY}://oauth" 형식 -->
69                <data
69-->[:kakao_flutter_sdk_common] AndroidManifest.xml:20:13-44
70                    android:host="oauth"
71                    android:scheme="kakao30f7eb64a94c8067a5a75ed4033e43c8" />
71-->[:kakao_flutter_sdk_common] AndroidManifest.xml:20:19-41
72            </intent-filter>
73        </activity>
74        <activity
75            android:name="com.dvmon.comepass.MainActivity"
76            android:configChanges="orientation|keyboardHidden|keyboard|screenSize|smallestScreenSize|locale|layoutDirection|fontScale|screenLayout|density|uiMode"
77            android:exported="true"
78            android:hardwareAccelerated="true"
79            android:launchMode="singleTop"
80            android:theme="@style/LaunchTheme"
81            android:windowSoftInputMode="adjustResize" >
82
83            <!--
84                 Specifies an Android theme to apply to this Activity as soon as
85                 the Android process has started. This theme is visible to the user
86                 while the Flutter UI initializes. After that, this theme continues
87                 to determine the Window background behind the Flutter UI.
88            -->
89            <meta-data
90                android:name="io.flutter.embedding.android.NormalTheme"
91                android:resource="@style/NormalTheme" />
92
93            <intent-filter>
94                <action android:name="android.intent.action.MAIN" />
95
96                <category android:name="android.intent.category.LAUNCHER" />
97            </intent-filter>
98        </activity>
99        <!--
100             Don't delete the meta-data below.
101             This is used by the Flutter tool to generate GeneratedPluginRegistrant.java
102        -->
103        <meta-data
104            android:name="flutterEmbedding"
105            android:value="2" />
106
107        <activity
107-->[:kakao_flutter_sdk_common] AndroidManifest.xml:25:9-29:56
108            android:name="com.kakao.sdk.flutter.TalkAuthCodeActivity"
108-->[:kakao_flutter_sdk_common] AndroidManifest.xml:26:13-70
109            android:exported="true"
109-->[:kakao_flutter_sdk_common] AndroidManifest.xml:27:13-36
110            android:launchMode="singleTask"
110-->[:kakao_flutter_sdk_common] AndroidManifest.xml:28:13-44
111            android:theme="@style/TransparentCompat" /> <!-- <activity -->
111-->[:kakao_flutter_sdk_common] AndroidManifest.xml:29:13-53
112        <!-- android:name="com.nhn.android.naverlogin.ui.OAuthLoginActivity" -->
113        <!-- android:configChanges="orientation|screenSize" -->
114        <!-- android:theme="@style/Theme.AppCompat.Light.Dialog" /> -->
115        <activity
115-->[com.navercorp.nid:oauth-jdk8:5.0.1] AndroidManifest.xml:32:9-35:78
116            android:name="com.navercorp.nid.oauth.NidOAuthBridgeActivity"
116-->[com.navercorp.nid:oauth-jdk8:5.0.1] AndroidManifest.xml:33:13-74
117            android:configChanges="orientation|screenSize"
117-->[com.navercorp.nid:oauth-jdk8:5.0.1] AndroidManifest.xml:34:13-59
118            android:theme="@style/Theme.AppCompat.Transparent.NoActionBar" />
118-->[com.navercorp.nid:oauth-jdk8:5.0.1] AndroidManifest.xml:35:13-75
119        <activity
119-->[com.navercorp.nid:oauth-jdk8:5.0.1] AndroidManifest.xml:36:9-40:50
120            android:name="com.navercorp.nid.oauth.activity.NidOAuthWebViewActivity"
120-->[com.navercorp.nid:oauth-jdk8:5.0.1] AndroidManifest.xml:37:13-84
121            android:configChanges="orientation|screenSize"
121-->[com.navercorp.nid:oauth-jdk8:5.0.1] AndroidManifest.xml:38:13-59
122            android:label="OAuth2.0 by WebView"
122-->[com.navercorp.nid:oauth-jdk8:5.0.1] AndroidManifest.xml:39:13-48
123            android:screenOrientation="behind" />
123-->[com.navercorp.nid:oauth-jdk8:5.0.1] AndroidManifest.xml:40:13-47
124        <activity
124-->[com.navercorp.nid:oauth-jdk8:5.0.1] AndroidManifest.xml:41:9-60:20
125            android:name="com.navercorp.nid.oauth.activity.NidOAuthCustomTabActivity"
125-->[com.navercorp.nid:oauth-jdk8:5.0.1] AndroidManifest.xml:42:13-86
126            android:configChanges="orientation|screenSize"
126-->[com.navercorp.nid:oauth-jdk8:5.0.1] AndroidManifest.xml:43:13-59
127            android:exported="true"
127-->[com.navercorp.nid:oauth-jdk8:5.0.1] AndroidManifest.xml:44:13-36
128            android:label="OAuth2.0 by Custom tabs"
128-->[com.navercorp.nid:oauth-jdk8:5.0.1] AndroidManifest.xml:45:13-52
129            android:launchMode="singleTask"
129-->[com.navercorp.nid:oauth-jdk8:5.0.1] AndroidManifest.xml:46:13-44
130            android:screenOrientation="behind"
130-->[com.navercorp.nid:oauth-jdk8:5.0.1] AndroidManifest.xml:47:13-47
131            android:theme="@style/Theme.AppCompat.NoActionBar" >
131-->[com.navercorp.nid:oauth-jdk8:5.0.1] AndroidManifest.xml:48:13-63
132            <intent-filter>
132-->[com.navercorp.nid:oauth-jdk8:5.0.1] AndroidManifest.xml:49:13-59:29
133                <action android:name="android.intent.action.VIEW" />
133-->[:kakao_flutter_sdk_common] AndroidManifest.xml:16:13-65
133-->[:kakao_flutter_sdk_common] AndroidManifest.xml:16:21-62
134
135                <category android:name="android.intent.category.DEFAULT" />
135-->[com.navercorp.nid:oauth-jdk8:5.0.1] AndroidManifest.xml:52:17-76
135-->[com.navercorp.nid:oauth-jdk8:5.0.1] AndroidManifest.xml:52:27-73
136                <category android:name="android.intent.category.BROWSABLE" />
136-->[:kakao_flutter_sdk_common] AndroidManifest.xml:18:13-74
136-->[:kakao_flutter_sdk_common] AndroidManifest.xml:18:23-71
137                <!-- Intent URL 에서 로그인 액티비티를 실행하기 위해 설정 -->
138                <data
138-->[:kakao_flutter_sdk_common] AndroidManifest.xml:20:13-44
139                    android:host="authorize"
140                    android:path="/"
141                    android:scheme="naver3rdpartylogin" />
141-->[:kakao_flutter_sdk_common] AndroidManifest.xml:20:19-41
142            </intent-filter>
143        </activity>
144
145        <uses-library
145-->[androidx.window:window:1.0.0-beta04] AndroidManifest.xml:25:9-27:40
146            android:name="androidx.window.extensions"
146-->[androidx.window:window:1.0.0-beta04] AndroidManifest.xml:26:13-54
147            android:required="false" />
147-->[androidx.window:window:1.0.0-beta04] AndroidManifest.xml:27:13-37
148        <uses-library
148-->[androidx.window:window:1.0.0-beta04] AndroidManifest.xml:28:9-30:40
149            android:name="androidx.window.sidecar"
149-->[androidx.window:window:1.0.0-beta04] AndroidManifest.xml:29:13-51
150            android:required="false" />
150-->[androidx.window:window:1.0.0-beta04] AndroidManifest.xml:30:13-37
151    </application>
152
153</manifest>